Thu Jul 19 21:05:18 CEST 2018 : Servidor de red Apache Derby: Se ha iniciado 10.11.1.2 - (1629631) y está listo para aceptar las conexiones en el puerto 1527
----------------------------------------------------------------
Thu Jul 19 21:05:19 CEST 2018:
 Iniciando instancia a816c00e-0164-b3ee-a4f7-00004d70e564 de Derby, versión The Apache Software Foundation - Apache Derby - 10.11.1.2 - (1629631): 
en el directorio de base de datos C:\Users\Ramon\Desktop\Gesincat\GESINCAT\gestincat con el cargador de clases sun.misc.Launcher$AppClassLoader@6f94fa3e
Cargado desde file:/C:/Program%20Files/Java/jdk1.8.0_131/db/lib/derby.jar
java.vendor=Oracle Corporation
java.runtime.version=1.8.0_131-b11
user.dir=C:\Program Files\Java\jdk1.8.0_131\db
os.name=Windows 7
os.arch=amd64
os.version=6.1
derby.system.home=C:\Users\Ramon\Desktop\Gesincat\GESINCAT
Cargador de clases de base de datos iniciado - derby.database.classpath=''
----------------------------------------------------------------
Thu Jul 19 21:05:26 CEST 2018:
 Iniciando instancia 38c30028-0164-b3ee-a4f7-00004d70e564 de Derby, versión The Apache Software Foundation - Apache Derby - 10.11.1.2 - (1629631): 
en el directorio de base de datos C:\Users\Ramon\Desktop\Gesincat\GESINCAT\sesion con el cargador de clases sun.misc.Launcher$AppClassLoader@6f94fa3e
Cargado desde file:/C:/Program%20Files/Java/jdk1.8.0_131/db/lib/derby.jar
java.vendor=Oracle Corporation
java.runtime.version=1.8.0_131-b11
user.dir=C:\Program Files\Java\jdk1.8.0_131\db
os.name=Windows 7
os.arch=amd64
os.version=6.1
derby.system.home=C:\Users\Ramon\Desktop\Gesincat\GESINCAT
Cargador de clases de base de datos iniciado - derby.database.classpath=''
----------------------------------------------------------------
Thu Jul 19 21:06:29 CEST 2018: cerrando motor de Derby
----------------------------------------------------------------
Thu Jul 19 21:06:30 CEST 2018:
Cerrando la instancia 38c30028-0164-b3ee-a4f7-00004d70e564 en el directorio de base de datos C:\Users\Ramon\Desktop\Gesincat\GESINCAT\sesion con cargador de clases sun.misc.Launcher$AppClassLoader@6f94fa3e
